<?xml version="1.0" encoding="UTF-8"?>
<!-- Generated by org.testng.reporters.JUnitXMLReporter -->
<testsuite ignored="3" hostname="MacBook-Air-Alexander-3.local" failures="0" tests="1" name="Surefire test" time="0.062" errors="0" timestamp="29 апр. 2018 07:42:34 GMT">
  <testcase classname="tests.lesson05.Lesson05Test" name="substrTest" time="0.02"/>
  <testcase classname="tests.lesson05.Lesson05Test" name="useBuilderTest" time="0.0">
    <ignored/>
  </testcase> <!-- useBuilderTest -->
  <testcase classname="tests.lesson05.Lesson05Test" name="propertyTest" time="0.0">
    <ignored/>
  </testcase> <!-- propertyTest -->
  <testcase classname="tests.lesson05.Lesson05Test" name="usePageObjectTest" time="0.0">
    <ignored/>
  </testcase> <!-- usePageObjectTest -->
</testsuite> <!-- Surefire test -->
