<?xml version="1.0" encoding="UTF-8"?>
<!-- Generated by org.testng.reporters.JUnitXMLReporter -->
<testsuite ignored="0" hostname="Air-Alexander-3.Dlink" failures="0" tests="7" name="Surefire test" time="23.519" errors="0" timestamp="16 апр. 2018 19:19:47 GMT">
  <testcase classname="tests.lesson03.SomeTest" name="clickLinkTest" time="12.744"/>
  <testcase classname="tests.lesson03.SomeTest" name="dataProviderTest" time="0.0"/>
  <testcase classname="tests.lesson03.SomeTest" name="dataProviderTest" time="0.0"/>
  <testcase classname="tests.lesson03.SomeTest" name="radiobuttonTest" time="0.34"/>
  <testcase classname="tests.lesson04.Lesson04Test" name="someTest" time="4.944"/>
  <testcase classname="tests.lesson04.Lesson04Test" name="useSelectTest" time="0.805"/>
  <testcase classname="tests.lesson04.Lesson04Test" name="useWaitTest" time="0.566"/>
</testsuite> <!-- Surefire test -->
