<?xml version="1.0" encoding="UTF-8"?>
<testng-results ignored="0" total="6" passed="6" failed="0" skipped="0">
  <reporter-output>
  </reporter-output>
  <suite started-at="2018-04-16T05:57:51Z" name="Surefire suite" finished-at="2018-04-16T05:57:58Z" duration-ms="6994">
    <groups>
      <group name="regression">
        <method signature="SomeTest.clickLinkTest()[pri:0, instance:tests.lesson03.SomeTest@5a63f509]" name="clickLinkTest" class="tests.lesson03.SomeTest"/>
        <method signature="SomeTest.radiobuttonTest()[pri:0, instance:tests.lesson03.SomeTest@5a63f509]" name="radiobuttonTest" class="tests.lesson03.SomeTest"/>
      </group> <!-- regression -->
      <group name="smoke">
        <method signature="SomeTest.radiobuttonTest()[pri:0, instance:tests.lesson03.SomeTest@5a63f509]" name="radiobuttonTest" class="tests.lesson03.SomeTest"/>
      </group> <!-- smoke -->
    </groups>
    <test started-at="2018-04-16T05:57:51Z" name="Surefire test" finished-at="2018-04-16T05:57:58Z" duration-ms="6994">
      <class name="tests.lesson04.Lesson04Test">
        <test-method is-config="true" signature="start()[pri:0, instance:tests.lesson04.Lesson04Test@6e4784bc]" started-at="2018-04-16T05:57:55Z" name="start" finished-at="2018-04-16T05:57:56Z" duration-ms="1082" status="PASS">
          <reporter-output>
          </reporter-output>
        </test-method> <!-- start -->
        <test-method signature="useSelectTest()[pri:0, instance:tests.lesson04.Lesson04Test@6e4784bc]" started-at="2018-04-16T05:57:56Z" name="useSelectTest" finished-at="2018-04-16T05:57:57Z" duration-ms="828" status="PASS">
          <reporter-output>
          </reporter-output>
        </test-method> <!-- useSelectTest -->
        <test-method signature="useWaitTest()[pri:0, instance:tests.lesson04.Lesson04Test@6e4784bc]" started-at="2018-04-16T05:57:57Z" name="useWaitTest" finished-at="2018-04-16T05:57:58Z" duration-ms="617" status="PASS">
          <reporter-output>
          </reporter-output>
        </test-method> <!-- useWaitTest -->
        <test-method is-config="true" signature="quit()[pri:0, instance:tests.lesson04.Lesson04Test@6e4784bc]" started-at="2018-04-16T05:57:58Z" name="quit" finished-at="2018-04-16T05:57:58Z" duration-ms="88" status="PASS">
          <reporter-output>
          </reporter-output>
        </test-method> <!-- quit -->
      </class> <!-- tests.lesson04.Lesson04Test -->
      <class name="tests.lesson03.SomeTest">
        <test-method is-config="true" signature="start()[pri:0, instance:tests.lesson03.SomeTest@5a63f509]" started-at="2018-04-16T05:57:51Z" name="start" finished-at="2018-04-16T05:57:53Z" duration-ms="2669" status="PASS">
          <reporter-output>
          </reporter-output>
        </test-method> <!-- start -->
        <test-method signature="clickLinkTest()[pri:0, instance:tests.lesson03.SomeTest@5a63f509]" started-at="2018-04-16T05:57:53Z" name="clickLinkTest" finished-at="2018-04-16T05:57:55Z" duration-ms="1182" status="PASS">
          <reporter-output>
          </reporter-output>
        </test-method> <!-- clickLinkTest -->
        <test-method signature="dataProviderTest(java.lang.String, java.lang.String)[pri:0, instance:tests.lesson03.SomeTest@5a63f509]" started-at="2018-04-16T05:57:55Z" name="dataProviderTest" data-provider="lesson3_data_provider" finished-at="2018-04-16T05:57:55Z" duration-ms="0" status="PASS">
          <params>
            <param index="0">
              <value>
                <![CDATA[1]]>
              </value>
            </param>
            <param index="1">
              <value>
                <![CDATA[2]]>
              </value>
            </param>
          </params>
          <reporter-output>
          </reporter-output>
        </test-method> <!-- dataProviderTest -->
        <test-method signature="dataProviderTest(java.lang.String, java.lang.String)[pri:0, instance:tests.lesson03.SomeTest@5a63f509]" started-at="2018-04-16T05:57:55Z" name="dataProviderTest" data-provider="lesson3_data_provider" finished-at="2018-04-16T05:57:55Z" duration-ms="0" status="PASS">
          <params>
            <param index="0">
              <value>
                <![CDATA[3]]>
              </value>
            </param>
            <param index="1">
              <value>
                <![CDATA[4]]>
              </value>
            </param>
          </params>
          <reporter-output>
          </reporter-output>
        </test-method> <!-- dataProviderTest -->
        <test-method signature="radiobuttonTest()[pri:0, instance:tests.lesson03.SomeTest@5a63f509]" started-at="2018-04-16T05:57:55Z" name="radiobuttonTest" finished-at="2018-04-16T05:57:55Z" duration-ms="383" status="PASS">
          <reporter-output>
          </reporter-output>
        </test-method> <!-- radiobuttonTest -->
        <test-method is-config="true" signature="quit()[pri:0, instance:tests.lesson03.SomeTest@5a63f509]" started-at="2018-04-16T05:57:55Z" name="quit" finished-at="2018-04-16T05:57:55Z" duration-ms="82" status="PASS">
          <reporter-output>
          </reporter-output>
        </test-method> <!-- quit -->
      </class> <!-- tests.lesson03.SomeTest -->
    </test> <!-- Surefire test -->
  </suite> <!-- Surefire suite -->
</testng-results>
